[debug] [2025-05-24T08:56:40.891Z] ----------------------------------------------------------------------
[debug] [2025-05-24T08:56:40.899Z] Command:       C:\Program Files\nodejs\node.exe C:\Users\USER\AppData\Roaming\npm\node_modules\firebase-tools\lib\bin\firebase.js init
[debug] [2025-05-24T08:56:40.900Z] CLI Version:   14.4.0
[debug] [2025-05-24T08:56:40.901Z] Platform:      win32
[debug] [2025-05-24T08:56:40.902Z] Node Version:  v20.17.0
[debug] [2025-05-24T08:56:40.902Z] Time:          Sat May 24 2025 10:56:40 GMT+0200 (hora de verano de Europa central)
[debug] [2025-05-24T08:56:40.903Z] ----------------------------------------------------------------------
[debug] 
[debug] [2025-05-24T08:56:40.920Z] > command requires scopes: ["email","openid","https://www.googleapis.com/auth/cloudplatformprojects.readonly","https://www.googleapis.com/auth/firebase","https://www.googleapis.com/auth/cloud-platform"]
[debug] [2025-05-24T08:56:40.921Z] > authorizing via signed-in user (aniolrodriguez2005@gmail.com)
[info] 
     ######## #### ########  ######## ########     ###     ######  ########
     ##        ##  ##     ## ##       ##     ##  ##   ##  ##       ##
     ######    ##  ########  ######   ########  #########  ######  ######
     ##        ##  ##    ##  ##       ##     ## ##     ##       ## ##
     ##       #### ##     ## ######## ########  ##     ##  ######  ########

You're about to initialize a Firebase project in this directory:

  C:\Users\USER\Desktop\TrapLife (2)\TrapLife

[info] 
=== Project Setup
[info] 
[info] First, let's associate this project directory with a Firebase project.
[info] You can create multiple project aliases by running firebase use --add, 
[info] but for now we'll just set up a default project.
[info] 
